# JRE version: Java(TM) SE Runtime Environment (8.0_45-b15) (build 1.8.0_45-b15)
# Java VM: Java HotSpot(TM) 64-Bit Server VM (25.45-b02 mixed mode windows-amd64 compressed oops)
Heap:
 PSYoungGen      total 107008K, used 27374K [0x00000000f0000000, 0x00000000fb500000, 0x0000000100000000)
  eden space 97280K, 18% used [0x00000000f0000000,0x00000000f1142db8,0x00000000f5f00000)
  from space 9728K, 99% used [0x00000000f5f00000,0x00000000f6878b70,0x00000000f6880000)
  to   space 14848K, 0% used [0x00000000fa680000,0x00000000fa680000,0x00000000fb500000)
 ParOldGen       total 32768K, used 21572K [0x00000000d0000000, 0x00000000d2000000, 0x00000000f0000000)
  object space 32768K, 65% used [0x00000000d0000000,0x00000000d1511220,0x00000000d2000000)
 Metaspace       used 19236K, capacity 19428K, committed 19584K, reserved 1067008K
  class space    used 2302K, capacity 2353K, committed 2432K, reserved 1048576K
GC Heap History (10 events):
Event: 13.309 GC heap before
{Heap before GC invocations=5 (full 0):
 PSYoungGen      total 26624K, used 26624K [0x00000000f0000000, 0x00000000f1c00000, 0x0000000100000000)
  eden space 24576K, 100% used [0x00000000f0000000,0x00000000f1800000,0x00000000f1800000)
  from space 2048K, 100% used [0x00000000f1a00000,0x00000000f1c00000,0x00000000f1c00000)
  to   space 2048K, 0% used [0x00000000f1800000,0x00000000f1800000,0x00000000f1a00000)
 ParOldGen       total 32768K, used 6881K [0x00000000d0000000, 0x00000000d2000000, 0x00000000f0000000)
  object space 32768K, 20% used [0x00000000d0000000,0x00000000d06b84a8,0x00000000d2000000)
 Metaspace       used 15130K, capacity 15266K, committed 15488K, reserved 1062912K
  class space    used 1849K, capacity 1867K, committed 1920K, reserved 1048576K
Event: 13.346 GC heap after
Heap after GC invocations=5 (full 0):
 PSYoungGen      total 26624K, used 2016K [0x00000000f0000000, 0x00000000f3e00000, 0x0000000100000000)
  eden space 24576K, 0% used [0x00000000f0000000,0x00000000f0000000,0x00000000f1800000)
  from space 2048K, 98% used [0x00000000f1800000,0x00000000f19f8030,0x00000000f1a00000)
  to   space 7168K, 0% used [0x00000000f3700000,0x00000000f3700000,0x00000000f3e00000)
 ParOldGen       total 32768K, used 10843K [0x00000000d0000000, 0x00000000d2000000, 0x00000000f0000000)
  object space 32768K, 33% used [0x00000000d0000000,0x00000000d0a96f68,0x00000000d2000000)
 Metaspace       used 15130K, capacity 15266K, committed 15488K, reserved 1062912K
  class space    used 1849K, capacity 1867K, committed 1920K, reserved 1048576K
}
Event: 16.451 GC heap before
{Heap before GC invocations=6 (full 0):
 PSYoungGen      total 26624K, used 26592K [0x00000000f0000000, 0x00000000f3e00000, 0x0000000100000000)
  eden space 24576K, 100% used [0x00000000f0000000,0x00000000f1800000,0x00000000f1800000)
  from space 2048K, 98% used [0x00000000f1800000,0x00000000f19f8030,0x00000000f1a00000)
  to   space 7168K, 0% used [0x00000000f3700000,0x00000000f3700000,0x00000000f3e00000)
 ParOldGen       total 32768K, used 10843K [0x00000000d0000000, 0x00000000d2000000, 0x00000000f0000000)
  object space 32768K, 33% used [0x00000000d0000000,0x00000000d0a96f68,0x00000000d2000000)
 Metaspace       used 18611K, capacity 18770K, committed 18944K, reserved 1067008K
  class space    used 2245K, capacity 2286K, committed 2304K, reserved 1048576K
Event: 16.472 GC heap after
Heap after GC invocations=6 (full 0):
 PSYoungGen      total 56320K, used 5377K [0x00000000f0000000, 0x00000000f3e00000, 0x0000000100000000)
  eden space 49152K, 0% used [0x00000000f0000000,0x00000000f0000000,0x00000000f3000000)
  from space 7168K, 75% used [0x00000000f3700000,0x00000000f3c40538,0x00000000f3e00000)
  to   space 7168K, 0% used [0x00000000f3000000,0x00000000f3000000,0x00000000f3700000)
 ParOldGen       total 32768K, used 10851K [0x00000000d0000000, 0x00000000d2000000, 0x00000000f0000000)
  object space 32768K, 33% used [0x00000000d0000000,0x00000000d0a98f68,0x00000000d2000000)
 Metaspace       used 18611K, capacity 18770K, committed 18944K, reserved 1067008K
  class space    used 2245K, capacity 2286K, committed 2304K, reserved 1048576K
}
Event: 19.233 GC heap before
{Heap before GC invocations=7 (full 0):
 PSYoungGen      total 56320K, used 54529K [0x00000000f0000000, 0x00000000f3e00000, 0x0000000100000000)
  eden space 49152K, 100% used [0x00000000f0000000,0x00000000f3000000,0x00000000f3000000)
  from space 7168K, 75% used [0x00000000f3700000,0x00000000f3c40538,0x00000000f3e00000)
  to   space 7168K, 0% used [0x00000000f3000000,0x00000000f3000000,0x00000000f3700000)
 ParOldGen       total 32768K, used 10851K [0x00000000d0000000, 0x00000000d2000000, 0x00000000f0000000)
  object space 32768K, 33% used [0x00000000d0000000,0x00000000d0a98f68,0x00000000d2000000)
 Metaspace       used 18991K, capacity 19122K, committed 19328K, reserved 1067008K
  class space    used 2264K, capacity 2318K, committed 2432K, reserved 1048576K
Event: 19.302 GC heap after
Heap after GC invocations=7 (full 0):
 PSYoungGen      total 56320K, used 7152K [0x00000000f0000000, 0x00000000f7100000, 0x0000000100000000)
  eden space 49152K, 0% used [0x00000000f0000000,0x00000000f0000000,0x00000000f3000000)
  from space 7168K, 99% used [0x00000000f3000000,0x00000000f36fc1b0,0x00000000f3700000)
  to   space 8704K, 0% used [0x00000000f6880000,0x00000000f6880000,0x00000000f7100000)
 ParOldGen       total 32768K, used 11494K [0x00000000d0000000, 0x00000000d2000000, 0x00000000f0000000)
  object space 32768K, 35% used [0x00000000d0000000,0x00000000d0b39bd0,0x00000000d2000000)
 Metaspace       used 18991K, capacity 19122K, committed 19328K, reserved 1067008K
  class space    used 2264K, capacity 2318K, committed 2432K, reserved 1048576K
}
Event: 23.535 GC heap before
{Heap before GC invocations=8 (full 0):
 PSYoungGen      total 56320K, used 56304K [0x00000000f0000000, 0x00000000f7100000, 0x0000000100000000)
  eden space 49152K, 100% used [0x00000000f0000000,0x00000000f3000000,0x00000000f3000000)
  from space 7168K, 99% used [0x00000000f3000000,0x00000000f36fc1b0,0x00000000f3700000)
  to   space 8704K, 0% used [0x00000000f6880000,0x00000000f6880000,0x00000000f7100000)
 ParOldGen       total 32768K, used 11494K [0x00000000d0000000, 0x00000000d2000000, 0x00000000f0000000)
  object space 32768K, 35% used [0x00000000d0000000,0x00000000d0b39bd0,0x00000000d2000000)
 Metaspace       used 19152K, capacity 19332K, committed 19584K, reserved 1067008K
  class space    used 2289K, capacity 2321K, committed 2432K, reserved 1048576K
Event: 23.657 GC heap after
Heap after GC invocations=8 (full 0):
 PSYoungGen      total 105984K, used 8496K [0x00000000f0000000, 0x00000000f7300000, 0x0000000100000000)
  eden space 97280K, 0% used [0x00000000f0000000,0x00000000f0000000,0x00000000f5f00000)
  from space 8704K, 97% used [0x00000000f6880000,0x00000000f70cc138,0x00000000f7100000)
  to   space 9728K, 0% used [0x00000000f5f00000,0x00000000f5f00000,0x00000000f6880000)
 ParOldGen       total 32768K, used 11974K [0x00000000d0000000, 0x00000000d2000000, 0x00000000f0000000)
  object space 32768K, 36% used [0x00000000d0000000,0x00000000d0bb1bd0,0x00000000d2000000)
 Metaspace       used 19152K, capacity 19332K, committed 19584K, reserved 1067008K
  class space    used 2289K, capacity 2321K, committed 2432K, reserved 1048576K
}
Event: 31.339 GC heap before
{Heap before GC invocations=9 (full 0):
 PSYoungGen      total 105984K, used 105776K [0x00000000f0000000, 0x00000000f7300000, 0x0000000100000000)
  eden space 97280K, 100% used [0x00000000f0000000,0x00000000f5f00000,0x00000000f5f00000)
  from space 8704K, 97% used [0x00000000f6880000,0x00000000f70cc138,0x00000000f7100000)
  to   space 9728K, 0% used [0x00000000f5f00000,0x00000000f5f00000,0x00000000f6880000)
 ParOldGen       total 32768K, used 11974K [0x00000000d0000000, 0x00000000d2000000, 0x00000000f0000000)
  object space 32768K, 36% used [0x00000000d0000000,0x00000000d0bb1bd0,0x00000000d2000000)
 Metaspace       used 19191K, capacity 19364K, committed 19584K, reserved 1067008K
  class space    used 2294K, capacity 2353K, committed 2432K, reserved 1048576K
Event: 31.512 GC heap after
Heap after GC invocations=9 (full 0):
 PSYoungGen      total 107008K, used 9698K [0x00000000f0000000, 0x00000000fb500000, 0x0000000100000000)
  eden space 97280K, 0% used [0x00000000f0000000,0x00000000f0000000,0x00000000f5f00000)
  from space 9728K, 99% used [0x00000000f5f00000,0x00000000f6878b70,0x00000000f6880000)
  to   space 14848K, 0% used [0x00000000fa680000,0x00000000fa680000,0x00000000fb500000)
 ParOldGen       total 32768K, used 21572K [0x00000000d0000000, 0x00000000d2000000, 0x00000000f0000000)
  object space 32768K, 65% used [0x00000000d0000000,0x00000000d1511220,0x00000000d2000000)
 Metaspace       used 19191K, capacity 19364K, committed 19584K, reserved 1067008K
  class space    used 2294K, capacity 2353K, committed 2432K, reserved 1048576K
}

