# JRE version: Java(TM) SE Runtime Environment (8.0_45-b15) (build 1.8.0_45-b15)
# Java VM: Java HotSpot(TM) 64-Bit Server VM (25.45-b02 mixed mode windows-amd64 compressed oops)
Heap:
 PSYoungGen      total 247808K, used 64693K [0x00000000f0000000, 0x0000000100000000, 0x0000000100000000)
  eden space 233472K, 26% used [0x00000000f0000000,0x00000000f3cd1888,0x00000000fe400000)
  from space 14336K, 16% used [0x00000000fe400000,0x00000000fe65bc30,0x00000000ff200000)
  to   space 14336K, 0% used [0x00000000ff200000,0x00000000ff200000,0x0000000100000000)
 ParOldGen       total 67072K, used 35552K [0x00000000d0000000, 0x00000000d4180000, 0x00000000f0000000)
  object space 67072K, 53% used [0x00000000d0000000,0x00000000d22b80e8,0x00000000d4180000)
 Metaspace       used 39522K, capacity 39826K, committed 39984K, reserved 1083392K
  class space    used 5064K, capacity 5132K, committed 5168K, reserved 1048576K
GC Heap History (10 events):
Event: 48.116 GC heap before
{Heap before GC invocations=15 (full 1):
 PSYoungGen      total 132096K, used 128311K [0x00000000f0000000, 0x00000000fc180000, 0x0000000100000000)
  eden space 121344K, 100% used [0x00000000f0000000,0x00000000f7680000,0x00000000f7680000)
  from space 10752K, 64% used [0x00000000f7680000,0x00000000f7d4ddd8,0x00000000f8100000)
  to   space 10752K, 0% used [0x00000000fb700000,0x00000000fb700000,0x00000000fc180000)
 ParOldGen       total 35840K, used 15013K [0x00000000d0000000, 0x00000000d2300000, 0x00000000f0000000)
  object space 35840K, 41% used [0x00000000d0000000,0x00000000d0ea94c8,0x00000000d2300000)
 Metaspace       used 23093K, capacity 23290K, committed 23472K, reserved 1069056K
  class space    used 2922K, capacity 2970K, committed 2992K, reserved 1048576K
Event: 48.328 GC heap after
Heap after GC invocations=15 (full 1):
 PSYoungGen      total 186880K, used 9006K [0x00000000f0000000, 0x00000000fc680000, 0x0000000100000000)
  eden space 176128K, 0% used [0x00000000f0000000,0x00000000f0000000,0x00000000fac00000)
  from space 10752K, 83% used [0x00000000fb700000,0x00000000fbfcb810,0x00000000fc180000)
  to   space 11264K, 0% used [0x00000000fac00000,0x00000000fac00000,0x00000000fb700000)
 ParOldGen       total 35840K, used 18950K [0x00000000d0000000, 0x00000000d2300000, 0x00000000f0000000)
  object space 35840K, 52% used [0x00000000d0000000,0x00000000d1281840,0x00000000d2300000)
 Metaspace       used 23093K, capacity 23290K, committed 23472K, reserved 1069056K
  class space    used 2922K, capacity 2970K, committed 2992K, reserved 1048576K
}
Event: 53.859 GC heap before
{Heap before GC invocations=16 (full 1):
 PSYoungGen      total 186880K, used 185134K [0x00000000f0000000, 0x00000000fc680000, 0x0000000100000000)
  eden space 176128K, 100% used [0x00000000f0000000,0x00000000fac00000,0x00000000fac00000)
  from space 10752K, 83% used [0x00000000fb700000,0x00000000fbfcb810,0x00000000fc180000)
  to   space 11264K, 0% used [0x00000000fac00000,0x00000000fac00000,0x00000000fb700000)
 ParOldGen       total 35840K, used 18950K [0x00000000d0000000, 0x00000000d2300000, 0x00000000f0000000)
  object space 35840K, 52% used [0x00000000d0000000,0x00000000d1281840,0x00000000d2300000)
 Metaspace       used 23131K, capacity 23290K, committed 23472K, reserved 1069056K
  class space    used 2927K, capacity 2970K, committed 2992K, reserved 1048576K
Event: 53.915 GC heap after
Heap after GC invocations=16 (full 1):
 PSYoungGen      total 187392K, used 10176K [0x00000000f0000000, 0x0000000100000000, 0x0000000100000000)
  eden space 176128K, 0% used [0x00000000f0000000,0x00000000f0000000,0x00000000fac00000)
  from space 11264K, 90% used [0x00000000fac00000,0x00000000fb5f01a0,0x00000000fb700000)
  to   space 12288K, 0% used [0x00000000ff400000,0x00000000ff400000,0x0000000100000000)
 ParOldGen       total 35840K, used 18982K [0x00000000d0000000, 0x00000000d2300000, 0x00000000f0000000)
  object space 35840K, 52% used [0x00000000d0000000,0x00000000d1289840,0x00000000d2300000)
 Metaspace       used 23131K, capacity 23290K, committed 23472K, reserved 1069056K
  class space    used 2927K, capacity 2970K, committed 2992K, reserved 1048576K
}
Event: 72.221 GC heap before
{Heap before GC invocations=17 (full 1):
 PSYoungGen      total 187392K, used 186304K [0x00000000f0000000, 0x0000000100000000, 0x0000000100000000)
  eden space 176128K, 100% used [0x00000000f0000000,0x00000000fac00000,0x00000000fac00000)
  from space 11264K, 90% used [0x00000000fac00000,0x00000000fb5f01a0,0x00000000fb700000)
  to   space 12288K, 0% used [0x00000000ff400000,0x00000000ff400000,0x0000000100000000)
 ParOldGen       total 35840K, used 18982K [0x00000000d0000000, 0x00000000d2300000, 0x00000000f0000000)
  object space 35840K, 52% used [0x00000000d0000000,0x00000000d1289840,0x00000000d2300000)
 Metaspace       used 31390K, capacity 31624K, committed 31920K, reserved 1077248K
  class space    used 3946K, capacity 4007K, committed 4016K, reserved 1048576K
Event: 72.434 GC heap after
Heap after GC invocations=17 (full 1):
 PSYoungGen      total 245760K, used 12282K [0x00000000f0000000, 0x0000000100000000, 0x0000000100000000)
  eden space 233472K, 0% used [0x00000000f0000000,0x00000000f0000000,0x00000000fe400000)
  from space 12288K, 99% used [0x00000000ff400000,0x00000000ffffe890,0x0000000100000000)
  to   space 14336K, 0% used [0x00000000fe400000,0x00000000fe400000,0x00000000ff200000)
 ParOldGen       total 35840K, used 19769K [0x00000000d0000000, 0x00000000d2300000, 0x00000000f0000000)
  object space 35840K, 55% used [0x00000000d0000000,0x00000000d134e528,0x00000000d2300000)
 Metaspace       used 31390K, capacity 31624K, committed 31920K, reserved 1077248K
  class space    used 3946K, capacity 4007K, committed 4016K, reserved 1048576K
}
Event: 80.270 GC heap before
{Heap before GC invocations=18 (full 1):
 PSYoungGen      total 245760K, used 245754K [0x00000000f0000000, 0x0000000100000000, 0x0000000100000000)
  eden space 233472K, 100% used [0x00000000f0000000,0x00000000fe400000,0x00000000fe400000)
  from space 12288K, 99% used [0x00000000ff400000,0x00000000ffffe890,0x0000000100000000)
  to   space 14336K, 0% used [0x00000000fe400000,0x00000000fe400000,0x00000000ff200000)
 ParOldGen       total 35840K, used 19769K [0x00000000d0000000, 0x00000000d2300000, 0x00000000f0000000)
  object space 35840K, 55% used [0x00000000d0000000,0x00000000d134e528,0x00000000d2300000)
 Metaspace       used 33214K, capacity 33422K, committed 33712K, reserved 1079296K
  class space    used 4225K, capacity 4264K, committed 4272K, reserved 1048576K
Event: 80.371 GC heap after
Heap after GC invocations=18 (full 1):
 PSYoungGen      total 247808K, used 14332K [0x00000000f0000000, 0x0000000100000000, 0x0000000100000000)
  eden space 233472K, 0% used [0x00000000f0000000,0x00000000f0000000,0x00000000fe400000)
  from space 14336K, 99% used [0x00000000fe400000,0x00000000ff1ff118,0x00000000ff200000)
  to   space 14336K, 0% used [0x00000000ff200000,0x00000000ff200000,0x0000000100000000)
 ParOldGen       total 35840K, used 34208K [0x00000000d0000000, 0x00000000d2300000, 0x00000000f0000000)
  object space 35840K, 95% used [0x00000000d0000000,0x00000000d2168278,0x00000000d2300000)
 Metaspace       used 33214K, capacity 33422K, committed 33712K, reserved 1079296K
  class space    used 4225K, capacity 4264K, committed 4272K, reserved 1048576K
}
Event: 80.371 GC heap before
{Heap before GC invocations=19 (full 2):
 PSYoungGen      total 247808K, used 14332K [0x00000000f0000000, 0x0000000100000000, 0x0000000100000000)
  eden space 233472K, 0% used [0x00000000f0000000,0x00000000f0000000,0x00000000fe400000)
  from space 14336K, 99% used [0x00000000fe400000,0x00000000ff1ff118,0x00000000ff200000)
  to   space 14336K, 0% used [0x00000000ff200000,0x00000000ff200000,0x0000000100000000)
 ParOldGen       total 35840K, used 34208K [0x00000000d0000000, 0x00000000d2300000, 0x00000000f0000000)
  object space 35840K, 95% used [0x00000000d0000000,0x00000000d2168278,0x00000000d2300000)
 Metaspace       used 33214K, capacity 33422K, committed 33712K, reserved 1079296K
  class space    used 4225K, capacity 4264K, committed 4272K, reserved 1048576K
Event: 81.059 GC heap after
Heap after GC invocations=19 (full 2):
 PSYoungGen      total 247808K, used 2415K [0x00000000f0000000, 0x0000000100000000, 0x0000000100000000)
  eden space 233472K, 0% used [0x00000000f0000000,0x00000000f0000000,0x00000000fe400000)
  from space 14336K, 16% used [0x00000000fe400000,0x00000000fe65bc30,0x00000000ff200000)
  to   space 14336K, 0% used [0x00000000ff200000,0x00000000ff200000,0x0000000100000000)
 ParOldGen       total 67072K, used 35552K [0x00000000d0000000, 0x00000000d4180000, 0x00000000f0000000)
  object space 67072K, 53% used [0x00000000d0000000,0x00000000d22b80e8,0x00000000d4180000)
 Metaspace       used 33214K, capacity 33422K, committed 33712K, reserved 1079296K
  class space    used 4225K, capacity 4264K, committed 4272K, reserved 1048576K
}

